<?xml version="1.0" encoding="UTF-8"?>
<!-- Generated by org.testng.reporters.JUnitReportReporter -->
<testsuite hostname="Test02" failures="0" tests="1" name="test.Stock_Key_cases" time="23.490" errors="0" timestamp="2024-04-08T18:34:30 IST" skipped="0">
  <testcase classname="test.Stock_Key_cases" name="addkey" time="23.490"/>
  <system-out>
    <![CDATA[Lock successfully added under respective zone and termainl]]>
  </system-out>
</testsuite> <!-- test.Stock_Key_cases -->
