<?xml version="1.0" encoding="UTF-8"?>
<!-- Generated by org.testng.reporters.JUnitReportReporter -->
<testsuite hostname="Test02" failures="0" tests="1" name="test.stockpagetestcases" time="18.722" errors="0" timestamp="2024-04-05T15:41:37 IST" skipped="0">
  <testcase classname="test.stockpagetestcases" name="f" time="18.722"/>
</testsuite> <!-- test.stockpagetestcases -->
