<?xml version="1.0" encoding="UTF-8"?>
<!-- Generated by org.testng.reporters.JUnitReportReporter -->
<testsuite hostname="Test02" failures="0" tests="5" name="test.Stock_Lock_cases" time="55.511" errors="0" timestamp="2024-04-18T18:24:20 IST" skipped="0">
  <testcase classname="test.Stock_Lock_cases" name="addlock" time="16.644"/>
  <system-out/>
  <testcase classname="test.Stock_Lock_cases" name="addkey" time="11.016"/>
  <system-out/>
  <testcase classname="test.Stock_Lock_cases" name="addwallpd" time="10.742"/>
  <system-out/>
  <testcase classname="test.Stock_Lock_cases" name="addkeybox" time="10.511"/>
  <system-out/>
  <testcase classname="test.Stock_Lock_cases" name="Mandatoryfieldscheck" time="6.598"/>
  <system-out/>
</testsuite> <!-- test.Stock_Lock_cases -->
